<?xml version="1.0" encoding="UTF-8"?>
<testng-results ignored="0" total="2" passed="2" failed="0" skipped="0">
  <reporter-output>
  </reporter-output>
  <suite started-at="2022-01-23T17:26:21 EST" name="Ädhoc" finished-at="2022-01-23T17:27:20 EST" duration-ms="59331">
    <groups>
    </groups>
    <test started-at="2022-01-23T17:26:21 EST" name="RegressionOfChrome" finished-at="2022-01-23T17:26:50 EST" duration-ms="28936">
      <class name="TestNGAmazon.NewTest">
        <test-method is-config="true" signature="beforeMethod(java.lang.String,java.lang.String)[pri:0, instance:TestNGAmazon.NewTest@3d1cfad4]" started-at="2022-01-23T17:26:21 EST" name="beforeMethod" finished-at="2022-01-23T17:26:24 EST" duration-ms="2923" status="PASS">
          <params>
            <param index="0">
              <value>
                <![CDATA[Chrome]]>
              </value>
            </param>
            <param index="1">
              <value>
                <![CDATA[https://www.amazon.com]]>
              </value>
            </param>
          </params>
          <reporter-output>
          </reporter-output>
        </test-method> <!-- beforeMethod -->
        <test-method signature="Amazontest()[pri:0, instance:TestNGAmazon.NewTest@3d1cfad4]" started-at="2022-01-23T17:26:24 EST" name="Amazontest" finished-at="2022-01-23T17:26:43 EST" duration-ms="19119" status="PASS">
          <reporter-output>
          </reporter-output>
        </test-method> <!-- Amazontest -->
        <test-method is-config="true" signature="afterMethod()[pri:0, instance:TestNGAmazon.NewTest@3d1cfad4]" started-at="2022-01-23T17:26:43 EST" name="afterMethod" finished-at="2022-01-23T17:26:50 EST" duration-ms="6872" status="PASS">
          <reporter-output>
          </reporter-output>
        </test-method> <!-- afterMethod -->
      </class> <!-- TestNGAmazon.NewTest -->
    </test> <!-- RegressionOfChrome -->
    <test started-at="2022-01-23T17:26:50 EST" name="RegressionOfEdge" finished-at="2022-01-23T17:27:20 EST" duration-ms="30365">
      <class name="TestNGAmazon.NewTest">
        <test-method is-config="true" signature="beforeMethod(java.lang.String,java.lang.String)[pri:0, instance:TestNGAmazon.NewTest@71def8f8]" started-at="2022-01-23T17:26:50 EST" name="beforeMethod" finished-at="2022-01-23T17:26:54 EST" duration-ms="4342" status="PASS">
          <params>
            <param index="0">
              <value>
                <![CDATA[Edge]]>
              </value>
            </param>
            <param index="1">
              <value>
                <![CDATA[https://www.amazon.com]]>
              </value>
            </param>
          </params>
          <reporter-output>
          </reporter-output>
        </test-method> <!-- beforeMethod -->
        <test-method signature="Amazontest()[pri:0, instance:TestNGAmazon.NewTest@71def8f8]" started-at="2022-01-23T17:26:54 EST" name="Amazontest" finished-at="2022-01-23T17:27:13 EST" duration-ms="18882" status="PASS">
          <reporter-output>
          </reporter-output>
        </test-method> <!-- Amazontest -->
        <test-method is-config="true" signature="afterMethod()[pri:0, instance:TestNGAmazon.NewTest@71def8f8]" started-at="2022-01-23T17:27:13 EST" name="afterMethod" finished-at="2022-01-23T17:27:20 EST" duration-ms="7140" status="PASS">
          <reporter-output>
          </reporter-output>
        </test-method> <!-- afterMethod -->
      </class> <!-- TestNGAmazon.NewTest -->
    </test> <!-- RegressionOfEdge -->
  </suite> <!-- Ädhoc -->
</testng-results>
